<?xml version="1.0" encoding="UTF-8"?>
<!-- Generated by org.testng.reporters.JUnitReportReporter -->
<testsuite hostname="Z422" failures="0" tests="4" name="com.mystore.testcases.TC_LogOutTest" time="47.899" errors="0" timestamp="2022-10-26T10:36:58 IST" skipped="0">
  <testcase classname="com.mystore.testcases.TC_LogOutTest" name="logOutTest" time="8.502"/>
  <system-out/>
  <testcase classname="com.mystore.testcases.TC_LogOutTest" name="logOutTest" time="10.149"/>
  <system-out/>
  <testcase classname="com.mystore.testcases.TC_LogOutTest" name="logOutTest" time="8.570"/>
  <system-out/>
  <testcase classname="com.mystore.testcases.TC_LogOutTest" name="logOutTest" time="20.678"/>
  <system-out/>
</testsuite> <!-- com.mystore.testcases.TC_LogOutTest -->
