<?xml version="1.0" encoding="UTF-8"?>
<!-- Generated by org.testng.reporters.JUnitReportReporter -->
<testsuite hostname="Z422" failures="0" tests="1" name="com.mystore.testcases.FileUpload" time="16.066" errors="0" timestamp="2022-10-30T04:54:34 IST" skipped="0">
  <testcase classname="com.mystore.testcases.FileUpload" name="FileUploadTest" time="16.066"/>
  <system-out/>
</testsuite> <!-- com.mystore.testcases.FileUpload -->
