<?xml version="1.0" encoding="UTF-8"?>
<!-- Generated by org.testng.reporters.JUnitReportReporter -->
<testsuite hostname="Z422" failures="0" tests="4" name="com.mystore.testcases.TC_LoginTest" time="93.112" errors="0" timestamp="2022-11-02T02:58:09 IST" skipped="0">
  <testcase classname="com.mystore.testcases.TC_LoginTest" name="registeredSignIn" time="22.134"/>
  <system-out/>
  <testcase classname="com.mystore.testcases.TC_LoginTest" name="registeredSignIn" time="27.633"/>
  <system-out/>
  <testcase classname="com.mystore.testcases.TC_LoginTest" name="registeredSignIn" time="15.681"/>
  <system-out/>
  <testcase classname="com.mystore.testcases.TC_LoginTest" name="registeredSignIn" time="27.664"/>
  <system-out/>
</testsuite> <!-- com.mystore.testcases.TC_LoginTest -->
