<?xml version="1.0" encoding="UTF-8"?>
<!-- Generated by org.testng.reporters.JUnitReportReporter -->
<testsuite hostname="Z422" failures="0" tests="1" name="com.mystore.testcases.TC_SearchProductTest" time="27.474" errors="0" timestamp="2022-10-17T22:34:52 IST" skipped="0">
  <testcase classname="com.mystore.testcases.TC_SearchProductTest" name="searchProduct" time="27.474"/>
  <system-out/>
</testsuite> <!-- com.mystore.testcases.TC_SearchProductTest -->
