<?xml version="1.0" encoding="UTF-8"?>
<!-- Generated by org.testng.reporters.JUnitReportReporter -->
<testsuite hostname="Z422" failures="0" tests="4" name="com.mystore.testcases.TC_RegistrationTest" time="176.145" errors="0" timestamp="2022-10-15T21:21:11 IST" skipped="0">
  <testcase classname="com.mystore.testcases.TC_RegistrationTest" name="newRegistration" time="50.741"/>
  <system-out/>
  <testcase classname="com.mystore.testcases.TC_RegistrationTest" name="newRegistration" time="48.537"/>
  <system-out/>
  <testcase classname="com.mystore.testcases.TC_RegistrationTest" name="newRegistration" time="41.371"/>
  <system-out/>
  <testcase classname="com.mystore.testcases.TC_RegistrationTest" name="newRegistration" time="35.496"/>
  <system-out/>
</testsuite> <!-- com.mystore.testcases.TC_RegistrationTest -->
