<?xml version="1.0" encoding="UTF-8"?>
<!-- Generated by org.testng.reporters.JUnitReportReporter -->
<testsuite hostname="Z422" failures="0" tests="1" name="com.mystore.testcases.TC_VerifyAddToWishlistTest" time="6.308" errors="0" timestamp="2022-10-17T22:34:52 IST" skipped="0">
  <testcase classname="com.mystore.testcases.TC_VerifyAddToWishlistTest" name="verifyAddWishList" time="6.308"/>
  <system-out/>
</testsuite> <!-- com.mystore.testcases.TC_VerifyAddToWishlistTest -->
