<?xml version="1.0" encoding="UTF-8"?>
<!-- Generated by org.testng.reporters.JUnitReportReporter -->
<testsuite hostname="Z422" failures="0" tests="1" name="com.mystore.testcases.TC_BuyProductTest" time="53.553" errors="0" timestamp="2022-10-18T02:12:31 IST" skipped="0">
  <testcase classname="com.mystore.testcases.TC_BuyProductTest" name="buyProductTest" time="53.553"/>
  <system-out/>
</testsuite> <!-- com.mystore.testcases.TC_BuyProductTest -->
